2023.01.31 12:16:01 INFO  tracing is disabled for protocol LSP, to enable tracing of incoming and outgoing JSON messages create an empty file at /home/chandni/iGOT/Code/organisation-management/.metals/lsp.trace.json or /home/chandni/.cache/metals/lsp.trace.json
2023.01.31 12:16:02 INFO  logging to file /home/chandni/iGOT/Code/organisation-management/.metals/metals.log
2023.01.31 12:16:02 INFO  Started: Metals version 0.11.10 in workspace '/home/chandni/iGOT/Code/organisation-management' for client Visual Studio Code 1.74.3.
SLF4J: No SLF4J providers were found.
SLF4J: Defaulting to no-operation (NOP) logger implementation
SLF4J: See https://www.slf4j.org/codes.html#noProviders for further details.
SLF4J: Class path contains SLF4J bindings targeting slf4j-api versions 1.7.x or earlier.
SLF4J: Ignoring binding found at [jar:file:/home/chandni/.cache/coursier/v1/https/repo1.maven.org/maven2/com/outr/scribe-slf4j_2.13/3.10.5/scribe-slf4j_2.13-3.10.5.jar!/org/slf4j/impl/StaticLoggerBinder.class]
SLF4J: See https://www.slf4j.org/codes.html#ignoredBindings for an explanation.
2023.01.31 12:16:02 INFO  time: initialize in 0.9s
2023.01.31 12:16:04 WARN  Build server is not auto-connectable.
2023.01.31 12:16:04 WARN  no build target for: /home/chandni/iGOT/Code/organisation-management/src/main/java/org/igot/OrgManagement.java
Jan 31, 2023 12:16:04 PM org.eclipse.lsp4j.jsonrpc.RemoteEndpoint handleCancellation
WARNING: Unmatched cancel notification for request id 4
2023.01.31 12:44:58 WARN  no build target for: /home/chandni/iGOT/Code/organisation-management/src/main/java/org/igot/OrgManagement.java
2023.01.31 12:53:32 WARN  no build target for: /home/chandni/iGOT/Code/organisation-management/src/main/java/org/igot/OrgManagement.java
2023.01.31 12:53:34 WARN  no build target for: /home/chandni/iGOT/Code/organisation-management/src/main/java/org/igot/controller/OrgController.java
2023.01.31 12:53:41 WARN  no build target for: /home/chandni/iGOT/Code/organisation-management/src/main/java/org/igot/controller/OrgController.java
2023.01.31 12:53:47 WARN  no build target for: /home/chandni/iGOT/Code/organisation-management/src/main/java/org/igot/OrgManagement.java
2023.01.31 14:25:52 WARN  no build target for: /home/chandni/iGOT/Code/organisation-management/src/main/java/org/igot/OrgManagement.java
2023.01.31 14:45:16 INFO  shutting down Metals
2023.01.31 16:40:24 INFO  tracing is disabled for protocol LSP, to enable tracing of incoming and outgoing JSON messages create an empty file at /home/chandni/iGOT/Code/organisation-management/.metals/lsp.trace.json or /home/chandni/.cache/metals/lsp.trace.json
2023.01.31 16:40:25 INFO  logging to file /home/chandni/iGOT/Code/organisation-management/.metals/metals.log
2023.01.31 16:40:25 INFO  Started: Metals version 0.11.10 in workspace '/home/chandni/iGOT/Code/organisation-management' for client Visual Studio Code 1.74.3.
SLF4J: No SLF4J providers were found.
SLF4J: Defaulting to no-operation (NOP) logger implementation
SLF4J: See https://www.slf4j.org/codes.html#noProviders for further details.
SLF4J: Class path contains SLF4J bindings targeting slf4j-api versions 1.7.x or earlier.
SLF4J: Ignoring binding found at [jar:file:/home/chandni/.cache/coursier/v1/https/repo1.maven.org/maven2/com/outr/scribe-slf4j_2.13/3.10.5/scribe-slf4j_2.13-3.10.5.jar!/org/slf4j/impl/StaticLoggerBinder.class]
SLF4J: See https://www.slf4j.org/codes.html#ignoredBindings for an explanation.
2023.01.31 16:40:25 INFO  time: initialize in 0.84s
2023.01.31 16:40:27 WARN  Build server is not auto-connectable.
2023.01.31 16:40:27 WARN  no build target for: /home/chandni/iGOT/Code/organisation-management/src/main/java/org/igot/controller/OrgController.java
2023.01.31 16:41:58 INFO  shutting down Metals
2023.01.31 16:41:58 ERROR Unexpected error initializing serverorg.eclipse.lsp4j.jsonrpc.ResponseErrorException: Request window/showMessageRequest failed with message: Canceled
	at org.eclipse.lsp4j.jsonrpc.RemoteEndpoint.handleResponse(RemoteEndpoint.java:209)
	at org.eclipse.lsp4j.jsonrpc.RemoteEndpoint.consume(RemoteEndpoint.java:193)
	at org.eclipse.lsp4j.jsonrpc.json.StreamMessageProducer.handleMessage(StreamMessageProducer.java:194)
	at org.eclipse.lsp4j.jsonrpc.json.StreamMessageProducer.listen(StreamMessageProducer.java:94)
	at org.eclipse.lsp4j.jsonrpc.json.ConcurrentMessageProcessor.run(ConcurrentMessageProcessor.java:113)
	at java.util.concurrent.Executors$RunnableAdapter.call(Executors.java:515)
	at java.util.concurrent.FutureTask.run(FutureTask.java:264)
	at java.util.concurrent.ThreadPoolExecutor.runWorker(ThreadPoolExecutor.java:1128)
	at java.util.concurrent.ThreadPoolExecutor$Worker.run(ThreadPoolExecutor.java:628)
	at java.lang.Thread.run(Thread.java:829)

2023.01.31 16:50:56 INFO  tracing is disabled for protocol LSP, to enable tracing of incoming and outgoing JSON messages create an empty file at /home/chandni/iGOT/Code/organisation-management/.metals/lsp.trace.json or /home/chandni/.cache/metals/lsp.trace.json
2023.01.31 16:50:56 INFO  logging to file /home/chandni/iGOT/Code/organisation-management/.metals/metals.log
2023.01.31 16:50:56 INFO  Started: Metals version 0.11.10 in workspace '/home/chandni/iGOT/Code/organisation-management' for client Visual Studio Code 1.74.3.
SLF4J: No SLF4J providers were found.
SLF4J: Defaulting to no-operation (NOP) logger implementation
SLF4J: See https://www.slf4j.org/codes.html#noProviders for further details.
SLF4J: Class path contains SLF4J bindings targeting slf4j-api versions 1.7.x or earlier.
SLF4J: Ignoring binding found at [jar:file:/home/chandni/.cache/coursier/v1/https/repo1.maven.org/maven2/com/outr/scribe-slf4j_2.13/3.10.5/scribe-slf4j_2.13-3.10.5.jar!/org/slf4j/impl/StaticLoggerBinder.class]
SLF4J: See https://www.slf4j.org/codes.html#ignoredBindings for an explanation.
2023.01.31 16:50:57 INFO  time: initialize in 0.85s
2023.01.31 16:50:59 WARN  Build server is not auto-connectable.
2023.01.31 16:50:59 WARN  no build target for: /home/chandni/iGOT/Code/organisation-management/src/main/java/org/igot/controller/OrgController.java
2023.01.31 17:15:57 INFO  shutting down Metals
2023.02.01 10:00:03 INFO  tracing is disabled for protocol LSP, to enable tracing of incoming and outgoing JSON messages create an empty file at /home/chandni/iGOT/Code/organisation-management/.metals/lsp.trace.json or /home/chandni/.cache/metals/lsp.trace.json
2023.02.01 10:00:04 INFO  logging to file /home/chandni/iGOT/Code/organisation-management/.metals/metals.log
2023.02.01 10:00:04 INFO  Started: Metals version 0.11.10 in workspace '/home/chandni/iGOT/Code/organisation-management' for client Visual Studio Code 1.74.3.
SLF4J: No SLF4J providers were found.
SLF4J: Defaulting to no-operation (NOP) logger implementation
SLF4J: See https://www.slf4j.org/codes.html#noProviders for further details.
SLF4J: Class path contains SLF4J bindings targeting slf4j-api versions 1.7.x or earlier.
SLF4J: Ignoring binding found at [jar:file:/home/chandni/.cache/coursier/v1/https/repo1.maven.org/maven2/com/outr/scribe-slf4j_2.13/3.10.5/scribe-slf4j_2.13-3.10.5.jar!/org/slf4j/impl/StaticLoggerBinder.class]
SLF4J: See https://www.slf4j.org/codes.html#ignoredBindings for an explanation.
2023.02.01 10:00:08 INFO  time: initialize in 3.73s
2023.02.01 10:00:13 WARN  Build server is not auto-connectable.
2023.02.01 10:00:13 WARN  no build target for: /home/chandni/iGOT/Code/organisation-management/src/main/java/org/igot/controller/OrgController.java
2023.02.01 10:00:27 INFO  running '/usr/lib/jvm/java-11-openjdk-amd64/bin/java -Dfile.encoding=UTF-8 -Dmaven.multiModuleProjectDirectory=/home/chandni/iGOT/Code/organisation-management -Dmaven.home=/tmp/metals16725712339848678012 -cp /tmp/metals16725712339848678012/maven-wrapper.jar org.apache.maven.wrapper.MavenWrapperMain generate-sources ch.epfl.scala:bloop-maven-plugin:2.0.0:bloopInstall -DdownloadSources=true'
Feb 01, 2023 10:00:29 AM org.eclipse.lsp4j.jsonrpc.services.GenericEndpoint notify
INFO: Unsupported notification method: $/setTrace
2023.02.01 10:00:29 INFO  [INFO] Scanning for projects...
2023.02.01 10:00:29 INFO  [WARNING] 
2023.02.01 10:00:29 INFO  [WARNING] Some problems were encountered while building the effective model for org.igot:organisation-management:jar:0.0.1-SNAPSHOT
2023.02.01 10:00:29 INFO  [WARNING] 'dependencies.dependency.(groupId:artifactId:type:classifier)' must be unique: org.springframework.kafka:spring-kafka:jar -> version (?) vs 2.8.8 @ line 84, column 15
2023.02.01 10:00:29 INFO  [WARNING] 
2023.02.01 10:00:29 INFO  [WARNING] It is highly recommended to fix these problems because they threaten the stability of your build.
2023.02.01 10:00:29 INFO  [WARNING] 
2023.02.01 10:00:29 INFO  [WARNING] For this reason, future Maven versions might no longer support building such malformed projects.
2023.02.01 10:00:29 INFO  [WARNING] 
2023.02.01 10:00:29 INFO  Downloading from central: https://repo.maven.apache.org/maven2/ch/epfl/scala/bloop-maven-plugin/2.0.0/bloop-maven-plugin-2.0.0.pom
Feb 01, 2023 10:00:46 AM org.eclipse.lsp4j.jsonrpc.services.GenericEndpoint notify
INFO: Unsupported notification method: $/setTrace
2023.02.01 10:01:15 WARN  no build target for: /home/chandni/iGOT/Code/organisation-management/src/main/java/org/igot/OrgManagement.java
Feb 01, 2023 10:01:15 AM org.eclipse.lsp4j.jsonrpc.RemoteEndpoint handleCancellation
WARNING: Unmatched cancel notification for request id 7
2023.02.01 10:01:16 INFO  time: code lens generation in 1.17s
2023.02.01 10:01:30 INFO  user cancelled mvn bloopInstall
2023.02.01 10:01:30 INFO  time: ran 'mvn bloopInstall' in 1m2s
2023.02.01 10:02:01 INFO  shutting down Metals
2023.02.01 10:02:11 INFO  tracing is disabled for protocol LSP, to enable tracing of incoming and outgoing JSON messages create an empty file at /home/chandni/iGOT/Code/organisation-management/.metals/lsp.trace.json or /home/chandni/.cache/metals/lsp.trace.json
2023.02.01 10:02:12 INFO  logging to file /home/chandni/iGOT/Code/organisation-management/.metals/metals.log
2023.02.01 10:02:12 INFO  Started: Metals version 0.11.10 in workspace '/home/chandni/iGOT/Code/organisation-management' for client Visual Studio Code 1.74.3.
SLF4J: No SLF4J providers were found.
SLF4J: Defaulting to no-operation (NOP) logger implementation
SLF4J: See https://www.slf4j.org/codes.html#noProviders for further details.
SLF4J: Class path contains SLF4J bindings targeting slf4j-api versions 1.7.x or earlier.
SLF4J: Ignoring binding found at [jar:file:/home/chandni/.cache/coursier/v1/https/repo1.maven.org/maven2/com/outr/scribe-slf4j_2.13/3.10.5/scribe-slf4j_2.13-3.10.5.jar!/org/slf4j/impl/StaticLoggerBinder.class]
SLF4J: See https://www.slf4j.org/codes.html#ignoredBindings for an explanation.
2023.02.01 10:02:16 INFO  time: initialize in 3.7s
2023.02.01 10:02:21 WARN  Build server is not auto-connectable.
2023.02.01 10:02:21 WARN  no build target for: /home/chandni/iGOT/Code/organisation-management/src/main/java/org/igot/OrgManagement.java
2023.02.01 10:02:22 INFO  skipping build import with status 'Cancelled'
2023.02.01 10:02:23 INFO  time: code lens generation in 1.07s
2023.02.01 10:02:23 INFO  time: code lens generation in 1.82s
2023.02.01 10:02:23 INFO  time: code lens generation in 1.83s
2023.02.01 10:07:27 INFO  shutting down Metals
